<?xml version="1.0" encoding="UTF-8"?>
<!-- Generated by org.testng.reporters.JUnitXMLReporter -->
<testsuite ignored="0" hostname="DESKTOP-KNHT5AH" failures="0" tests="6" name="Default test" time="8.674" errors="0" timestamp="2024-07-03T01:58:28 BDT">
  <testcase classname="automationproject4.TestAnnotation" name="Nameform" time="0.27"/>
  <testcase classname="automationproject4.TestAnnotation" name="RadiobuttonTest" time="0.132"/>
  <testcase classname="automationproject4.TestAnnotation" name="DropdownTest" time="0.113"/>
  <testcase classname="automationproject4.TestAnnotation" name="ChecklistTest" time="0.096"/>
  <testcase classname="automationproject4.TestAnnotation" name="SubmitButtonTest" time="3.362"/>
  <testcase classname="automationproject4.TestAnnotation" name="BrowserClose" time="0.034"/>
</testsuite> <!-- Default test -->
